2025-04-04T09:00:18.926Z | info | SUPERALGOS PLATFORM CLIENT SERVERS: 
2025-04-04T09:00:18.927Z | info |  
2025-04-04T09:00:18.927Z | info | Web Server .................................................. Started 
2025-04-04T09:00:18.927Z | info | UI File Server .............................................. Started 
2025-04-04T09:00:18.927Z | info | Project File Server ......................................... Started 
2025-04-04T09:00:18.928Z | info | Plugin Server ............................................... Started 
2025-04-04T09:00:18.928Z | info | Data File Server ............................................ Started 
2025-04-04T09:00:18.928Z | info | Events Server ............................................... Started 
2025-04-04T09:00:18.929Z | info | Task Manager Server ......................................... Started 
2025-04-04T09:00:18.929Z | info | CCXT Server ................................................. Started 
2025-04-04T09:00:18.929Z | info | WEB3 Server ................................................. Started 
2025-04-04T09:00:18.930Z | info | Github Server ............................................... Started 
2025-04-04T09:00:18.930Z | info | Bitcoin Factory Server ...................................... Started 
2025-04-04T09:00:18.930Z | info |  
2025-04-04T09:00:18.930Z | info | SUPERALGOS PLATFORM CLIENT INTERFACES: 
2025-04-04T09:00:18.930Z | info |  
2025-04-04T09:00:18.932Z | info | Web Sockets Interface ....................................... Listening at port 18041 
2025-04-04T09:00:18.941Z | info | Http Interface .............................................. Listening at port 34248 
2025-04-04T09:00:18.941Z | info | Dashboard App Interface ..................................... Initializing on port 18043 
2025-04-04T09:00:18.941Z | info | Initial Workspace............................................ undefined undefined 
2025-04-04T09:00:18.941Z | info |  
2025-04-04T09:00:18.942Z | info | You are running Superalgos Platform 1.7.0 
2025-04-04T09:00:18.942Z | info |  
2025-04-04T09:00:18.942Z | info | What's new? These are the main new features in this version: 
2025-04-04T09:00:18.942Z | info |  
2025-04-04T09:00:18.942Z | info | Superalgos P2P Network ...................................... Allows interconnecting clients so that users may collaborate. 
2025-04-04T09:00:18.942Z | info | Real-time Trading Signals ................................... Enables the broadcasting and consumption of trading signals. 
2025-04-04T09:00:18.942Z | info | Portfolio Manager ........................................... Portfolio Manager bots supervise and manage Trading Bots for improved capital allocation and risk management. 
2025-04-04T09:00:18.942Z | info |  
2025-04-04T09:00:18.942Z | info | Join the @superalgosdevelop Telegram Group to learn more! 
2025-04-04T09:00:18.942Z | info |  
2025-04-04T09:00:18.942Z | info | Superalgos Platform App is Running! 
